99.10.14 20:29 A C:\cbyang\web2\p7小品文章\data\calcu.txt <-- par-cby /usr/home/cby/public_html/p7小品文章/data calcu.txt
99.10.14 20:29 A C:\cbyang\web2\p7小品文章\data\cheat.txt <-- par-cby /usr/home/cby/public_html/p7小品文章/data cheat.txt
99.10.14 20:29 A C:\cbyang\web2\p7小品文章\data\danger.txt <-- par-cby /usr/home/cby/public_html/p7小品文章/data danger.txt
99.10.14 20:29 A C:\cbyang\web2\p7小品文章\data\director.txt <-- par-cby /usr/home/cby/public_html/p7小品文章/data director.txt
99.10.14 20:29 A C:\cbyang\web2\p7小品文章\data\kaobridge.txt <-- par-cby /usr/home/cby/public_html/p7小品文章/data kaobridge.txt
99.10.14 20:29 A C:\cbyang\web2\p7小品文章\data\program.txt <-- par-cby /usr/home/cby/public_html/p7小品文章/data program.txt
99.10.14 20:29 A C:\cbyang\web2\p7小品文章\data\strange.txt <-- par-cby /usr/home/cby/public_html/p7小品文章/data strange.txt
99.10.24 20:38 A c:\cbyang\web2\p7小品文章\data\calcu.txt <-- par-cby /usr/home/cby/public_html/p7小品文章/data calcu.txt
99.10.24 20:38 A c:\cbyang\web2\p7小品文章\data\cheat.txt <-- par-cby /usr/home/cby/public_html/p7小品文章/data cheat.txt
99.10.24 20:38 A c:\cbyang\web2\p7小品文章\data\danger.txt <-- par-cby /usr/home/cby/public_html/p7小品文章/data danger.txt
99.10.24 20:38 A c:\cbyang\web2\p7小品文章\data\director.txt <-- par-cby /usr/home/cby/public_html/p7小品文章/data director.txt
99.10.24 20:38 A c:\cbyang\web2\p7小品文章\data\kaobridge.txt <-- par-cby /usr/home/cby/public_html/p7小品文章/data kaobridge.txt
99.10.24 20:38 A c:\cbyang\web2\p7小品文章\data\program.txt <-- par-cby /usr/home/cby/public_html/p7小品文章/data program.txt
99.10.24 20:38 A c:\cbyang\web2\p7小品文章\data\strange.txt <-- par-cby /usr/home/cby/public_html/p7小品文章/data strange.txt
100.04.15 18:50 A G:\cbyang\public_html\p7小品文章\data\bridgenet.txt --> par.cse.nsysu.edu.tw /usr/home/cbyang/public_html/p7小品文章/data bridgenet.txt
100.07.31 19:55 A c:\cbyang\public_html\p7小品文章\data\shuffle.txt --> par.cse.nsysu.edu.tw /usr/home/cbyang/public_html/p7小品文章/data shuffle.txt
100.09.14 18:57 A c:\cbyang\public_html\p7小品文章\data\bridgenet.txt <-- par-cbyang /usr/home/cbyang/public_html/p7小品文章/data bridgenet.txt
100.09.14 18:57 A c:\cbyang\public_html\p7小品文章\data\calcu.txt <-- par-cbyang /usr/home/cbyang/public_html/p7小品文章/data calcu.txt
100.09.14 18:57 A c:\cbyang\public_html\p7小品文章\data\cheat.txt <-- par-cbyang /usr/home/cbyang/public_html/p7小品文章/data cheat.txt
100.09.14 18:57 A c:\cbyang\public_html\p7小品文章\data\danger.txt <-- par-cbyang /usr/home/cbyang/public_html/p7小品文章/data danger.txt
100.09.14 18:57 A c:\cbyang\public_html\p7小品文章\data\director.txt <-- par-cbyang /usr/home/cbyang/public_html/p7小品文章/data director.txt
100.09.14 18:57 A c:\cbyang\public_html\p7小品文章\data\kaobridge.txt <-- par-cbyang /usr/home/cbyang/public_html/p7小品文章/data kaobridge.txt
100.09.14 18:57 A c:\cbyang\public_html\p7小品文章\data\program.txt <-- par-cbyang /usr/home/cbyang/public_html/p7小品文章/data program.txt
100.09.14 18:57 A c:\cbyang\public_html\p7小品文章\data\shuffle.txt <-- par-cbyang /usr/home/cbyang/public_html/p7小品文章/data shuffle.txt
100.09.14 18:57 A c:\cbyang\public_html\p7小品文章\data\strange.txt <-- par-cbyang /usr/home/cbyang/public_html/p7小品文章/data strange.txt
102.08.15 18:17 A c:\cbyang\public_html\article\data\bridgenet.txt --> par.cse.nsysu.edu.tw /usr/home/cbyang/public_html/article/data bridgenet.txt
102.08.15 18:17 A c:\cbyang\public_html\article\data\calcu.txt --> par.cse.nsysu.edu.tw /usr/home/cbyang/public_html/article/data calcu.txt
102.08.15 18:17 A c:\cbyang\public_html\article\data\cheat.txt --> par.cse.nsysu.edu.tw /usr/home/cbyang/public_html/article/data cheat.txt
102.08.15 18:17 A c:\cbyang\public_html\article\data\danger.txt --> par.cse.nsysu.edu.tw /usr/home/cbyang/public_html/article/data danger.txt
102.08.15 18:17 A c:\cbyang\public_html\article\data\director.txt --> par.cse.nsysu.edu.tw /usr/home/cbyang/public_html/article/data director.txt
102.08.15 18:17 A c:\cbyang\public_html\article\data\kaobridge.txt --> par.cse.nsysu.edu.tw /usr/home/cbyang/public_html/article/data kaobridge.txt
102.08.15 18:17 A c:\cbyang\public_html\article\data\program.txt --> par.cse.nsysu.edu.tw /usr/home/cbyang/public_html/article/data program.txt
102.08.15 18:17 A c:\cbyang\public_html\article\data\shuffle.txt --> par.cse.nsysu.edu.tw /usr/home/cbyang/public_html/article/data shuffle.txt
102.08.15 18:17 A c:\cbyang\public_html\article\data\strange.txt --> par.cse.nsysu.edu.tw /usr/home/cbyang/public_html/article/data strange.txt
102.08.15 18:17 B c:\cbyang\public_html\article\data\WS_FTP.LOG --> par.cse.nsysu.edu.tw /usr/home/cbyang/public_html/article/data WS_FTP.LOG
102.11.19 21:02 A c:\cbyang\public_html\article\data\2001worldpair.txt --> par.cse.nsysu.edu.tw /usr/home/cbyang/public_html/article/data 2001worldpair.txt
103.12.10 14:38 A c:\cbyang\public_html\article\data\nsysu_news.htm --> par.cse.nsysu.edu.tw /usr/home/cbyang/public_html/article/data nsysu_news.htm
104.08.31 16:22 A c:\cbyang\public_html\article\data\ancientway.htm --> par.cse.nsysu.edu.tw /usr/home/cbyang/public_html/article/data ancientway.htm
104.08.31 17:43 A c:\cbyang\public_html\article\data\calcu.htm --> par.cse.nsysu.edu.tw /usr/home/cbyang/public_html/article/data calcu.htm
104.08.31 17:43 A c:\cbyang\public_html\article\data\cheat.htm --> par.cse.nsysu.edu.tw /usr/home/cbyang/public_html/article/data cheat.htm
104.08.31 17:43 A c:\cbyang\public_html\article\data\danger.htm --> par.cse.nsysu.edu.tw /usr/home/cbyang/public_html/article/data danger.htm
104.08.31 17:43 A c:\cbyang\public_html\article\data\program.htm --> par.cse.nsysu.edu.tw /usr/home/cbyang/public_html/article/data program.htm
104.08.31 17:43 A c:\cbyang\public_html\article\data\strange.htm --> par.cse.nsysu.edu.tw /usr/home/cbyang/public_html/article/data strange.htm
104.09.07 18:55 A c:\cbyang\public_html\article\data\ancientway.htm --> par.cse.nsysu.edu.tw /usr/home/cbyang/public_html/article/data ancientway.htm
104.09.09 13:32 A c:\cbyang\public_html\article\data\nsysu_news0406.htm --> par.cse.nsysu.edu.tw /usr/home/cbyang/public_html/article/data nsysu_news0406.htm
104.10.05 18:36 A c:\cbyang\public_html\article\data\ancientway.htm --> par.cse.nsysu.edu.tw /usr/home/cbyang/public_html/article/data ancientway.htm
104.10.07 13:31 A c:\cbyang\public_html\article\data\ancient_bicycle.htm --> par.cse.nsysu.edu.tw /usr/home/cbyang/public_html/article/data ancient_bicycle.htm
104.10.07 13:34 A c:\cbyang\public_html\article\data\ancient_bicycle.htm --> par.cse.nsysu.edu.tw /usr/home/cbyang/public_html/article/data ancient_bicycle.htm
104.10.07 14:33 A c:\cbyang\public_html\article\data\ancient_bicycle.htm --> par.cse.nsysu.edu.tw /usr/home/cbyang/public_html/article/data ancient_bicycle.htm
104.10.07 14:33 A c:\cbyang\public_html\article\data\ancientway.htm --> par.cse.nsysu.edu.tw /usr/home/cbyang/public_html/article/data ancientway.htm
104.10.07 15:30 A c:\cbyang\public_html\article\data\ancientway.htm --> par.cse.nsysu.edu.tw /usr/home/cbyang/public_html/article/data ancientway.htm
104.10.07 15:33 A c:\cbyang\public_html\article\data\ancientway.htm --> par.cse.nsysu.edu.tw /usr/home/cbyang/public_html/article/data ancientway.htm
104.10.07 15:35 A c:\cbyang\public_html\article\data\ancientway.htm --> par.cse.nsysu.edu.tw /usr/home/cbyang/public_html/article/data ancientway.htm
104.10.07 15:42 B c:\cbyang\public_html\article\data\ancien1.jpg --> par.cse.nsysu.edu.tw /usr/home/cbyang/public_html/article/data ancien1.jpg
104.10.07 15:42 B c:\cbyang\public_html\article\data\ancien2.jpg --> par.cse.nsysu.edu.tw /usr/home/cbyang/public_html/article/data ancien2.jpg
104.10.07 15:42 B c:\cbyang\public_html\article\data\ancien3.jpg --> par.cse.nsysu.edu.tw /usr/home/cbyang/public_html/article/data ancien3.jpg
104.10.07 15:42 B c:\cbyang\public_html\article\data\ancien4.jpg --> par.cse.nsysu.edu.tw /usr/home/cbyang/public_html/article/data ancien4.jpg
104.10.07 15:42 B c:\cbyang\public_html\article\data\ancien5.jpg --> par.cse.nsysu.edu.tw /usr/home/cbyang/public_html/article/data ancien5.jpg
104.10.07 15:42 B c:\cbyang\public_html\article\data\ancien6.jpg --> par.cse.nsysu.edu.tw /usr/home/cbyang/public_html/article/data ancien6.jpg
104.10.07 15:42 B c:\cbyang\public_html\article\data\ancien7.jpg --> par.cse.nsysu.edu.tw /usr/home/cbyang/public_html/article/data ancien7.jpg
104.10.07 15:42 B c:\cbyang\public_html\article\data\ancien8.gif --> par.cse.nsysu.edu.tw /usr/home/cbyang/public_html/article/data ancien8.gif
104.10.07 15:42 A c:\cbyang\public_html\article\data\ancient2.htm --> par.cse.nsysu.edu.tw /usr/home/cbyang/public_html/article/data ancient2.htm
104.10.07 15:45 A c:\cbyang\public_html\article\data\ancient2.htm --> par.cse.nsysu.edu.tw /usr/home/cbyang/public_html/article/data ancient2.htm
104.10.07 15:53 A c:\cbyang\public_html\article\data\ancient2.htm --> par.cse.nsysu.edu.tw /usr/home/cbyang/public_html/article/data ancient2.htm
104.10.07 15:53 A c:\cbyang\public_html\article\data\ancientway.htm --> par.cse.nsysu.edu.tw /usr/home/cbyang/public_html/article/data ancientway.htm
104.10.07 15:55 A c:\cbyang\public_html\article\data\ancientway.htm --> par.cse.nsysu.edu.tw /usr/home/cbyang/public_html/article/data ancientway.htm
104.10.07 15:57 A c:\cbyang\public_html\article\data\ancient_bicycle.htm --> par.cse.nsysu.edu.tw /usr/home/cbyang/public_html/article/data ancient_bicycle.htm
104.10.07 16:00 A c:\cbyang\public_html\article\data\ancientway.htm --> par.cse.nsysu.edu.tw /usr/home/cbyang/public_html/article/data ancientway.htm
104.10.07 16:02 A c:\cbyang\public_html\article\data\ancient_bicycle.htm --> par.cse.nsysu.edu.tw /usr/home/cbyang/public_html/article/data ancient_bicycle.htm
104.10.07 19:23 A c:\cbyang\public_html\article\data\ancient_bicycle.htm --> par.cse.nsysu.edu.tw /usr/home/cbyang/public_html/article/data ancient_bicycle.htm
104.10.07 19:23 A c:\cbyang\public_html\article\data\ancientway.htm --> par.cse.nsysu.edu.tw /usr/home/cbyang/public_html/article/data ancientway.htm
104.10.12 23:04 A c:\cbyang\public_html\article\data\ancient_bicycle.htm --> par.cse.nsysu.edu.tw /usr/home/cbyang/public_html/article/data ancient_bicycle.htm
104.10.12 23:05 A c:\cbyang\public_html\article\data\ancient_bicycle.htm --> par.cse.nsysu.edu.tw /usr/home/cbyang/public_html/article/data ancient_bicycle.htm
104.10.30 21:16 A c:\cbyang\public_html\article\data\ancient_bicycle.htm <-- par-cbyang /usr/home/cbyang/public_html/article/data ancient_bicycle.htm
104.12.03 01:01 A c:\cbyang\public_html\article\data\lushan0411.htm <-- par-cbyang-html /usr/home/cbyang/public_html/article/data lushan0411.htm
104.12.03 01:05 A c:\cbyang\public_html\article\data\ancient_bicycle.htm <-- par-cbyang-html /usr/home/cbyang/public_html/article/data ancient_bicycle.htm
104.12.03 01:05 A c:\cbyang\public_html\article\data\ancientway.htm <-- par-cbyang-html /usr/home/cbyang/public_html/article/data ancientway.htm
104.12.03 10:33 A c:\cbyang\public_html\article\data\lushan0411.htm --> par.cse.nsysu.edu.tw /usr/home/cbyang/public_html/article/data lushan0411.htm
105.02.03 15:30 A c:\cbyang\public_html\article\data\deer0501.htm --> par.cse.nsysu.edu.tw /usr/home/cbyang/public_html/article/data deer0501.htm
105.02.07 21:24 A c:\cbyang\public_html\article\data\2001worldpair.txt --> par.cse.nsysu.edu.tw /usr/home/cbyang/public_html/article/data 2001worldpair.txt
105.02.07 21:24 A c:\cbyang\public_html\article\data\50vs100_9308.htm --> par.cse.nsysu.edu.tw /usr/home/cbyang/public_html/article/data 50vs100_9308.htm
105.02.07 21:24 A c:\cbyang\public_html\article\data\ancient_bicycle0409.htm --> par.cse.nsysu.edu.tw /usr/home/cbyang/public_html/article/data ancient_bicycle0409.htm
105.02.07 21:24 A c:\cbyang\public_html\article\data\ancientway0408.htm --> par.cse.nsysu.edu.tw /usr/home/cbyang/public_html/article/data ancientway0408.htm
105.02.07 21:24 B c:\cbyang\public_html\article\data\cheat.1.gif --> par.cse.nsysu.edu.tw /usr/home/cbyang/public_html/article/data cheat.1.gif
105.02.07 21:24 A c:\cbyang\public_html\article\data\cheat9410.htm --> par.cse.nsysu.edu.tw /usr/home/cbyang/public_html/article/data cheat9410.htm
105.02.07 21:24 A c:\cbyang\public_html\article\data\danger9410.htm --> par.cse.nsysu.edu.tw /usr/home/cbyang/public_html/article/data danger9410.htm
105.02.07 21:24 A c:\cbyang\public_html\article\data\egypt9208.htm --> par.cse.nsysu.edu.tw /usr/home/cbyang/public_html/article/data egypt9208.htm
105.02.07 21:24 A c:\cbyang\public_html\article\data\nsysu_news.htm --> par.cse.nsysu.edu.tw /usr/home/cbyang/public_html/article/data nsysu_news.htm
105.02.07 21:24 A c:\cbyang\public_html\article\data\strange.htm --> par.cse.nsysu.edu.tw /usr/home/cbyang/public_html/article/data strange.htm
105.02.07 21:24 A c:\cbyang\public_html\article\data\strange9706.htm --> par.cse.nsysu.edu.tw /usr/home/cbyang/public_html/article/data strange9706.htm
