98.11.16 11:35 A c:\contest\newlib\circle.c <-- cbyang4-cbyang /home/contest/huang/Library circle.c
98.11.16 11:35 B c:\contest\newlib\circle.in <-- cbyang4-cbyang /home/contest/huang/Library circle.in
98.11.16 11:35 A c:\contest\newlib\circle.out <-- cbyang4-cbyang /home/contest/huang/Library circle.out
98.11.16 11:35 A c:\contest\newlib\circumcentre.c <-- cbyang4-cbyang /home/contest/huang/Library circumcentre.c
98.11.16 11:35 B c:\contest\newlib\circumcentre.in <-- cbyang4-cbyang /home/contest/huang/Library circumcentre.in
98.11.16 11:35 A c:\contest\newlib\circumcentre.out <-- cbyang4-cbyang /home/contest/huang/Library circumcentre.out
98.11.16 11:36 A c:\contest\newlib\circle.c <-- cbyang4-cbyang /home/contest/huang/Library circle.c
98.11.16 11:36 A c:\contest\newlib\circle.in <-- cbyang4-cbyang /home/contest/huang/Library circle.in
98.11.16 11:36 A c:\contest\newlib\circle.out <-- cbyang4-cbyang /home/contest/huang/Library circle.out
98.11.16 11:36 A c:\contest\newlib\circumcentre.c <-- cbyang4-cbyang /home/contest/huang/Library circumcentre.c
98.11.16 11:36 A c:\contest\newlib\circumcentre.in <-- cbyang4-cbyang /home/contest/huang/Library circumcentre.in
98.11.16 11:36 A c:\contest\newlib\circumcentre.out <-- cbyang4-cbyang /home/contest/huang/Library circumcentre.out
98.11.16 11:36 A c:\contest\newlib\rational.c <-- cbyang4-cbyang /home/contest/huang/Library rational.c
98.11.16 11:36 A c:\contest\newlib\rational.in <-- cbyang4-cbyang /home/contest/huang/Library rational.in
98.11.16 11:36 A c:\contest\newlib\rational.out <-- cbyang4-cbyang /home/contest/huang/Library rational.out
98.11.16 11:45 A c:\contest\newlib\readme.txt <-- cbyang4-cbyang /home/contest/library readme.txt
98.11.16 11:51 A c:\contest\newlib\c_intan.c --> cbyang4.math.nsysu.edu.tw /home/contest/library/nov16 c_intan.c
98.11.16 11:52 A c:\contest\newlib\c_intan.in --> cbyang4.math.nsysu.edu.tw /home/contest/library/nov16 c_intan.in
98.11.16 11:52 A c:\contest\newlib\c_outtan.c --> cbyang4.math.nsysu.edu.tw /home/contest/library/nov16 c_outtan.c
98.11.16 11:52 A c:\contest\newlib\c_outtan.in --> cbyang4.math.nsysu.edu.tw /home/contest/library/nov16 c_outtan.in
98.11.16 11:52 A c:\contest\newlib\cir2pnt.c --> cbyang4.math.nsysu.edu.tw /home/contest/library/nov16 cir2pnt.c
98.11.16 11:52 A c:\contest\newlib\cir2pnt.in --> cbyang4.math.nsysu.edu.tw /home/contest/library/nov16 cir2pnt.in
98.11.16 11:52 A c:\contest\newlib\cirinter.c --> cbyang4.math.nsysu.edu.tw /home/contest/library/nov16 cirinter.c
98.11.16 11:52 A c:\contest\newlib\cirinter.in --> cbyang4.math.nsysu.edu.tw /home/contest/library/nov16 cirinter.in
98.11.16 11:52 A c:\contest\newlib\rational.c --> cbyang4.math.nsysu.edu.tw /home/contest/library/nov16 rational.c
98.11.16 11:52 A c:\contest\newlib\rational.in --> cbyang4.math.nsysu.edu.tw /home/contest/library/nov16 rational.in
98.11.16 11:52 A c:\contest\newlib\rational.out --> cbyang4.math.nsysu.edu.tw /home/contest/library/nov16 rational.out
98.11.16 11:52 A c:\contest\newlib\readme.txt --> cbyang4.math.nsysu.edu.tw /home/contest/library/nov16 readme.txt
98.11.16 11:52 A c:\contest\newlib\tri_outc.c --> cbyang4.math.nsysu.edu.tw /home/contest/library/nov16 tri_outc.c
98.11.16 11:52 A c:\contest\newlib\tri_outc.in --> cbyang4.math.nsysu.edu.tw /home/contest/library/nov16 tri_outc.in
98.11.16 12:08 A c:\contest\newlib\rad_conv.c <-- cbyang4-cbyang /home/contest/wongkf/library rad_conv.c
98.11.16 12:08 A c:\contest\newlib\rad_conv.in <-- cbyang4-cbyang /home/contest/wongkf/library rad_conv.in
98.11.16 12:10 A c:\contest\newlib\rad_conv.c --> cbyang4.math.nsysu.edu.tw /home/contest/library/nov16 rad_conv.c
98.11.16 12:10 A c:\contest\newlib\rad_conv.in --> cbyang4.math.nsysu.edu.tw /home/contest/library/nov16 rad_conv.in
98.11.16 16:59 A c:\contest\newlib\angle.c <-- cbyang4-cbyang /home/contest/shyyjr angle.c
98.11.16 17:00 A c:\contest\newlib\angle.in <-- cbyang4-cbyang /home/contest/shyyjr angle.in
98.11.16 17:07 A c:\contest\newlib\2lin_ang.c --> cbyang4.math.nsysu.edu.tw /home/contest/library/nov16 2lin_ang.c
98.11.16 17:07 A c:\contest\newlib\2lin_ang.in --> cbyang4.math.nsysu.edu.tw /home/contest/library/nov16 2lin_ang.in
98.11.16 17:07 A c:\contest\newlib\readme.txt --> cbyang4.math.nsysu.edu.tw /home/contest/library/nov16 readme.txt
98.11.16 17:10 A c:\contest\newlib\readme.txt --> cbyang4.math.nsysu.edu.tw /home/contest/library/nov16 readme.txt
100.07.31 15:26 A c:\contest\public_html\library\2d_max.c --> par.cse.nsysu.edu.tw /usr/home/contest/public_html/library 2d_max.c
100.07.31 15:26 A c:\contest\public_html\library\2d_max.in --> par.cse.nsysu.edu.tw /usr/home/contest/public_html/library 2d_max.in
100.07.31 15:26 A c:\contest\public_html\library\2lin_ang.c --> par.cse.nsysu.edu.tw /usr/home/contest/public_html/library 2lin_ang.c
100.07.31 15:26 A c:\contest\public_html\library\2lin_ang.in --> par.cse.nsysu.edu.tw /usr/home/contest/public_html/library 2lin_ang.in
100.07.31 15:26 A c:\contest\public_html\library\2line.c --> par.cse.nsysu.edu.tw /usr/home/contest/public_html/library 2line.c
100.07.31 15:26 A c:\contest\public_html\library\2line.in --> par.cse.nsysu.edu.tw /usr/home/contest/public_html/library 2line.in
100.07.31 15:26 A c:\contest\public_html\library\2seg.c --> par.cse.nsysu.edu.tw /usr/home/contest/public_html/library 2seg.c
100.07.31 15:26 A c:\contest\public_html\library\2seg.in --> par.cse.nsysu.edu.tw /usr/home/contest/public_html/library 2seg.in
100.07.31 15:26 A c:\contest\public_html\library\all_pair.c --> par.cse.nsysu.edu.tw /usr/home/contest/public_html/library all_pair.c
100.07.31 15:26 A c:\contest\public_html\library\all_pair.in --> par.cse.nsysu.edu.tw /usr/home/contest/public_html/library all_pair.in
100.07.31 15:26 A c:\contest\public_html\library\all_path.c --> par.cse.nsysu.edu.tw /usr/home/contest/public_html/library all_path.c
100.07.31 15:26 A c:\contest\public_html\library\all_path.in --> par.cse.nsysu.edu.tw /usr/home/contest/public_html/library all_path.in
100.07.31 15:26 A c:\contest\public_html\library\bfs.c --> par.cse.nsysu.edu.tw /usr/home/contest/public_html/library bfs.c
100.07.31 15:26 A c:\contest\public_html\library\bfs.in --> par.cse.nsysu.edu.tw /usr/home/contest/public_html/library bfs.in
100.07.31 15:26 A c:\contest\public_html\library\bi2gray.c --> par.cse.nsysu.edu.tw /usr/home/contest/public_html/library bi2gray.c
100.07.31 15:26 A c:\contest\public_html\library\bi2gray.in --> par.cse.nsysu.edu.tw /usr/home/contest/public_html/library bi2gray.in
100.07.31 15:26 A c:\contest\public_html\library\bubble.c --> par.cse.nsysu.edu.tw /usr/home/contest/public_html/library bubble.c
100.07.31 15:26 A c:\contest\public_html\library\bubble.in --> par.cse.nsysu.edu.tw /usr/home/contest/public_html/library bubble.in
100.07.31 15:26 A c:\contest\public_html\library\c_intan.c --> par.cse.nsysu.edu.tw /usr/home/contest/public_html/library c_intan.c
100.07.31 15:26 A c:\contest\public_html\library\c_intan.in --> par.cse.nsysu.edu.tw /usr/home/contest/public_html/library c_intan.in
100.07.31 15:26 A c:\contest\public_html\library\c_outtan.c --> par.cse.nsysu.edu.tw /usr/home/contest/public_html/library c_outtan.c
100.07.31 15:26 A c:\contest\public_html\library\c_outtan.in --> par.cse.nsysu.edu.tw /usr/home/contest/public_html/library c_outtan.in
100.07.31 15:26 A c:\contest\public_html\library\cir2pnt.c --> par.cse.nsysu.edu.tw /usr/home/contest/public_html/library cir2pnt.c
100.07.31 15:26 A c:\contest\public_html\library\cir2pnt.in --> par.cse.nsysu.edu.tw /usr/home/contest/public_html/library cir2pnt.in
100.07.31 15:26 A c:\contest\public_html\library\cirinter.c --> par.cse.nsysu.edu.tw /usr/home/contest/public_html/library cirinter.c
100.07.31 15:26 A c:\contest\public_html\library\cirinter.in --> par.cse.nsysu.edu.tw /usr/home/contest/public_html/library cirinter.in
100.07.31 15:26 B c:\contest\public_html\library\clib.doc --> par.cse.nsysu.edu.tw /usr/home/contest/public_html/library clib.doc
100.07.31 15:26 A c:\contest\public_html\library\combine.c --> par.cse.nsysu.edu.tw /usr/home/contest/public_html/library combine.c
100.07.31 15:26 A c:\contest\public_html\library\combine1.c --> par.cse.nsysu.edu.tw /usr/home/contest/public_html/library combine1.c
100.07.31 15:26 A c:\contest\public_html\library\combine1.in --> par.cse.nsysu.edu.tw /usr/home/contest/public_html/library combine1.in
100.07.31 15:26 A c:\contest\public_html\library\combine2.c --> par.cse.nsysu.edu.tw /usr/home/contest/public_html/library combine2.c
100.07.31 15:26 A c:\contest\public_html\library\combine2.in --> par.cse.nsysu.edu.tw /usr/home/contest/public_html/library combine2.in
100.07.31 15:26 A c:\contest\public_html\library\dfs.c --> par.cse.nsysu.edu.tw /usr/home/contest/public_html/library dfs.c
100.07.31 15:26 A c:\contest\public_html\library\dfs.in --> par.cse.nsysu.edu.tw /usr/home/contest/public_html/library dfs.in
100.07.31 15:26 A c:\contest\public_html\library\gray2bi.c --> par.cse.nsysu.edu.tw /usr/home/contest/public_html/library gray2bi.c
100.07.31 15:26 A c:\contest\public_html\library\gray2bi.in --> par.cse.nsysu.edu.tw /usr/home/contest/public_html/library gray2bi.in
100.07.31 15:26 A c:\contest\public_html\library\huffman.c --> par.cse.nsysu.edu.tw /usr/home/contest/public_html/library huffman.c
100.07.31 15:26 A c:\contest\public_html\library\huffman.in --> par.cse.nsysu.edu.tw /usr/home/contest/public_html/library huffman.in
100.07.31 15:26 A c:\contest\public_html\library\hull.c --> par.cse.nsysu.edu.tw /usr/home/contest/public_html/library hull.c
100.07.31 15:26 A c:\contest\public_html\library\hull.in --> par.cse.nsysu.edu.tw /usr/home/contest/public_html/library hull.in
100.07.31 15:26 A c:\contest\public_html\library\lcs1.c --> par.cse.nsysu.edu.tw /usr/home/contest/public_html/library lcs1.c
100.07.31 15:26 A c:\contest\public_html\library\lcs1.in --> par.cse.nsysu.edu.tw /usr/home/contest/public_html/library lcs1.in
100.07.31 15:26 A c:\contest\public_html\library\lcs2.c --> par.cse.nsysu.edu.tw /usr/home/contest/public_html/library lcs2.c
100.07.31 15:26 A c:\contest\public_html\library\lcs2.in --> par.cse.nsysu.edu.tw /usr/home/contest/public_html/library lcs2.in
100.07.31 15:26 A c:\contest\public_html\library\lib_index.htm --> par.cse.nsysu.edu.tw /usr/home/contest/public_html/library lib_index.htm
100.07.31 15:26 A c:\contest\public_html\library\long_ari.c --> par.cse.nsysu.edu.tw /usr/home/contest/public_html/library long_ari.c
100.07.31 15:26 A c:\contest\public_html\library\long_ari.in --> par.cse.nsysu.edu.tw /usr/home/contest/public_html/library long_ari.in
100.07.31 15:26 A c:\contest\public_html\library\longadd.c --> par.cse.nsysu.edu.tw /usr/home/contest/public_html/library longadd.c
100.07.31 15:26 A c:\contest\public_html\library\longadd.in --> par.cse.nsysu.edu.tw /usr/home/contest/public_html/library longadd.in
100.07.31 15:26 A c:\contest\public_html\library\longdiv.c --> par.cse.nsysu.edu.tw /usr/home/contest/public_html/library longdiv.c
100.07.31 15:26 A c:\contest\public_html\library\longdiv.in --> par.cse.nsysu.edu.tw /usr/home/contest/public_html/library longdiv.in
100.07.31 15:26 A c:\contest\public_html\library\longmul.c --> par.cse.nsysu.edu.tw /usr/home/contest/public_html/library longmul.c
100.07.31 15:26 A c:\contest\public_html\library\longmul.in --> par.cse.nsysu.edu.tw /usr/home/contest/public_html/library longmul.in
100.07.31 15:26 A c:\contest\public_html\library\longsub.c --> par.cse.nsysu.edu.tw /usr/home/contest/public_html/library longsub.c
100.07.31 15:26 A c:\contest\public_html\library\longsub.in --> par.cse.nsysu.edu.tw /usr/home/contest/public_html/library longsub.in
100.07.31 15:26 A c:\contest\public_html\library\permute1.c --> par.cse.nsysu.edu.tw /usr/home/contest/public_html/library permute1.c
100.07.31 15:26 A c:\contest\public_html\library\permute1.in --> par.cse.nsysu.edu.tw /usr/home/contest/public_html/library permute1.in
100.07.31 15:26 A c:\contest\public_html\library\permute2.c --> par.cse.nsysu.edu.tw /usr/home/contest/public_html/library permute2.c
100.07.31 15:26 A c:\contest\public_html\library\permute2.in --> par.cse.nsysu.edu.tw /usr/home/contest/public_html/library permute2.in
100.07.31 15:26 A c:\contest\public_html\library\pnt2line.c --> par.cse.nsysu.edu.tw /usr/home/contest/public_html/library pnt2line.c
100.07.31 15:26 A c:\contest\public_html\library\pnt2line.in --> par.cse.nsysu.edu.tw /usr/home/contest/public_html/library pnt2line.in
100.07.31 15:26 A c:\contest\public_html\library\pnt2seg.c --> par.cse.nsysu.edu.tw /usr/home/contest/public_html/library pnt2seg.c
100.07.31 15:26 A c:\contest\public_html\library\pnt2seg.in --> par.cse.nsysu.edu.tw /usr/home/contest/public_html/library pnt2seg.in
100.07.31 15:26 A c:\contest\public_html\library\prime.c --> par.cse.nsysu.edu.tw /usr/home/contest/public_html/library prime.c
100.07.31 15:26 A c:\contest\public_html\library\prime.in --> par.cse.nsysu.edu.tw /usr/home/contest/public_html/library prime.in
100.07.31 15:26 A c:\contest\public_html\library\rad_conv.c --> par.cse.nsysu.edu.tw /usr/home/contest/public_html/library rad_conv.c
100.07.31 15:26 A c:\contest\public_html\library\rad_conv.in --> par.cse.nsysu.edu.tw /usr/home/contest/public_html/library rad_conv.in
100.07.31 15:26 A c:\contest\public_html\library\rational.c --> par.cse.nsysu.edu.tw /usr/home/contest/public_html/library rational.c
100.07.31 15:26 A c:\contest\public_html\library\rational.in --> par.cse.nsysu.edu.tw /usr/home/contest/public_html/library rational.in
100.07.31 15:26 B c:\contest\public_html\library\rational.out --> par.cse.nsysu.edu.tw /usr/home/contest/public_html/library rational.out
100.07.31 15:26 A c:\contest\public_html\library\readme.txt --> par.cse.nsysu.edu.tw /usr/home/contest/public_html/library readme.txt
100.07.31 15:26 A c:\contest\public_html\library\short.c --> par.cse.nsysu.edu.tw /usr/home/contest/public_html/library short.c
100.07.31 15:26 A c:\contest\public_html\library\short.in --> par.cse.nsysu.edu.tw /usr/home/contest/public_html/library short.in
100.07.31 15:26 A c:\contest\public_html\library\shortdiv.c --> par.cse.nsysu.edu.tw /usr/home/contest/public_html/library shortdiv.c
100.07.31 15:26 A c:\contest\public_html\library\shortdiv.in --> par.cse.nsysu.edu.tw /usr/home/contest/public_html/library shortdiv.in
100.07.31 15:26 A c:\contest\public_html\library\shortmul.c --> par.cse.nsysu.edu.tw /usr/home/contest/public_html/library shortmul.c
100.07.31 15:26 A c:\contest\public_html\library\shortmul.in --> par.cse.nsysu.edu.tw /usr/home/contest/public_html/library shortmul.in
100.07.31 15:26 A c:\contest\public_html\library\topo.c --> par.cse.nsysu.edu.tw /usr/home/contest/public_html/library topo.c
100.07.31 15:26 A c:\contest\public_html\library\topo.in --> par.cse.nsysu.edu.tw /usr/home/contest/public_html/library topo.in
100.07.31 15:26 A c:\contest\public_html\library\trans.c --> par.cse.nsysu.edu.tw /usr/home/contest/public_html/library trans.c
100.07.31 15:26 A c:\contest\public_html\library\trans.in --> par.cse.nsysu.edu.tw /usr/home/contest/public_html/library trans.in
100.07.31 15:26 A c:\contest\public_html\library\translog.c --> par.cse.nsysu.edu.tw /usr/home/contest/public_html/library translog.c
100.07.31 15:26 A c:\contest\public_html\library\tri_outc.c --> par.cse.nsysu.edu.tw /usr/home/contest/public_html/library tri_outc.c
100.07.31 15:26 A c:\contest\public_html\library\tri_outc.in --> par.cse.nsysu.edu.tw /usr/home/contest/public_html/library tri_outc.in
100.07.31 15:26 A c:\contest\public_html\library\tsp.c --> par.cse.nsysu.edu.tw /usr/home/contest/public_html/library tsp.c
100.07.31 15:26 A c:\contest\public_html\library\tsp.in --> par.cse.nsysu.edu.tw /usr/home/contest/public_html/library tsp.in
100.07.31 15:26 B c:\contest\public_html\library\WS_FTP.LOG --> par.cse.nsysu.edu.tw /usr/home/contest/public_html/library WS_FTP.LOG
100.07.31 15:28 A c:\contest\public_html\library\lib_index.htm --> par.cse.nsysu.edu.tw /usr/home/contest/public_html/library lib_index.htm
100.07.31 15:31 A c:\contest\public_html\library\lib_index.htm --> par.cse.nsysu.edu.tw /usr/home/contest/public_html/library lib_index.htm
100.07.31 15:32 A c:\contest\public_html\library\lib_index.htm --> par.cse.nsysu.edu.tw /usr/home/contest/public_html/library lib_index.htm
100.07.31 15:52 A c:\contest\public_html\library\lib_index.htm --> par.cse.nsysu.edu.tw /usr/home/contest/public_html/library lib_index.htm
100.07.31 19:19 B c:\contest\public_html\library\clib.doc --> par.cse.nsysu.edu.tw /usr/home/contest/public_html/library/library clib.doc
100.07.31 19:19 B c:\contest\public_html\library\lib.zip --> par.cse.nsysu.edu.tw /usr/home/contest/public_html/library/library lib.zip
100.07.31 19:19 A c:\contest\public_html\library\lib_index.htm --> par.cse.nsysu.edu.tw /usr/home/contest/public_html/library/library lib_index.htm
